<?xml version="1.0" encoding="UTF-8"?>
<testsuite xmlns:xsi="http://www.w3.org/2001/XMLSchema-instance" xsi:noNamespaceSchemaLocation="https://maven.apache.org/surefire/maven-surefire-plugin/xsd/surefire-test-report.xsd" name="com.example.demo.autoconfigure.MyCustomAutoConfigurationTest" time="0.091" tests="2" errors="0" skipped="0" failures="0">
  <properties>
[...]
</properties>
  <testcase name="withCustomBeanMissing" classname="com.example.demo.autoconfigure.MyCustomAutoConfigurationTest" time="0.037"/>
  <testcase name="withCustomBeanPresent" classname="com.example.demo.autoconfigure.MyCustomAutoConfigurationTest" time="0.045"/>
</testsuite>